---------------------------------------------------------------
[ 2017-05-20T17:08:42+08:00 ] 127.0.0.1 127.0.0.1 GET /jksm.php/product/contentlist.html
[ info ] fuck.io/jksm.php/product/contentlist.html [运行时间：0.032153s][吞吐率：31.10req/s] [内存消耗：1,603.63kb] [文件加载：40]
[ info ] [ LANG ] C:\xampp\htdocs\Website-thinkphp5\thinkphp\lang\zh-cn.php
[ info ] [ ROUTE ] array (
  'type' => 'module',
  'module' => 
  array (
    0 => 'admin',
    1 => 'product',
    2 => 'contentlist',
  ),
)
[ info ] [ HEADER ] array (
  'host' => 'fuck.io',
  'user-agent' => 'Mozilla/5.0 (Windows NT 10.0; Win64; x64; rv:53.0) Gecko/20100101 Firefox/53.0',
  'accept' => 'text/html,application/xhtml+xml,application/xml;q=0.9,*/*;q=0.8',
  'accept-language' => 'zh-CN,zh;q=0.8,en-US;q=0.5,en;q=0.3',
  'accept-encoding' => 'gzip, deflate',
  'referer' => 'http://fuck.io/jksm.php/index/index.html',
  'cookie' => 'thinkphp_show_page_trace=0|0; Hm_lvt_28f7e93958b102a6167e99f680ee8715=1491549275,1491634031,1491786224,1491811619; pgv_pvi=5469266944; PHPSESSID=9bomb7pe1iosa86db7rhlihh93',
  'connection' => 'keep-alive',
  'upgrade-insecure-requests' => '1',
)
[ info ] [ PARAM ] array (
)
[ info ] [ RUN ] app\admin\controller\Product->contentlist[ C:\xampp\htdocs\Website-thinkphp5\application\admin\controller\Product.php ]
[ info ] [ VIEW ] C:\xampp\htdocs\Website-thinkphp5\public/../application/admin\view\product\contentlist.html [ array (
) ]
[ info ] [ LOG ] INIT File
---------------------------------------------------------------
[ 2017-05-20T17:08:42+08:00 ] 127.0.0.1 127.0.0.1 GET /jksm.php/product/content?pageNumber=1&pageSize=10&searchText=
[ info ] fuck.io/jksm.php/product/content?pageNumber=1&pageSize=10&searchText= [运行时间：0.028481s][吞吐率：35.11req/s] [内存消耗：1,487.27kb] [文件加载：40]
[ info ] [ LANG ] C:\xampp\htdocs\Website-thinkphp5\thinkphp\lang\zh-cn.php
[ info ] [ ROUTE ] array (
  'type' => 'module',
  'module' => 
  array (
    0 => 'admin',
    1 => 'product',
    2 => 'content',
  ),
)
[ info ] [ HEADER ] array (
  'host' => 'fuck.io',
  'user-agent' => 'Mozilla/5.0 (Windows NT 10.0; Win64; x64; rv:53.0) Gecko/20100101 Firefox/53.0',
  'accept' => 'application/json, text/javascript, */*; q=0.01',
  'accept-language' => 'zh-CN,zh;q=0.8,en-US;q=0.5,en;q=0.3',
  'accept-encoding' => 'gzip, deflate',
  'referer' => 'http://fuck.io/jksm.php/product/contentlist.html',
  'content-type' => 'application/json',
  'x-requested-with' => 'XMLHttpRequest',
  'cookie' => 'thinkphp_show_page_trace=0|0; Hm_lvt_28f7e93958b102a6167e99f680ee8715=1491549275,1491634031,1491786224,1491811619; pgv_pvi=5469266944; PHPSESSID=9bomb7pe1iosa86db7rhlihh93',
  'connection' => 'keep-alive',
)
[ info ] [ PARAM ] array (
  'pageNumber' => '1',
  'pageSize' => '10',
  'searchText' => '',
)
[ info ] [ LOG ] INIT File
---------------------------------------------------------------
[ 2017-05-20T17:08:43+08:00 ] 127.0.0.1 127.0.0.1 GET /jksm.php/product/contentAdd?type=1
[ info ] fuck.io/jksm.php/product/contentAdd?type=1 [运行时间：0.027444s][吞吐率：36.44req/s] [内存消耗：1,615.45kb] [文件加载：40]
[ info ] [ LANG ] C:\xampp\htdocs\Website-thinkphp5\thinkphp\lang\zh-cn.php
[ info ] [ ROUTE ] array (
  'type' => 'module',
  'module' => 
  array (
    0 => 'admin',
    1 => 'product',
    2 => 'contentAdd',
  ),
)
[ info ] [ HEADER ] array (
  'host' => 'fuck.io',
  'user-agent' => 'Mozilla/5.0 (Windows NT 10.0; Win64; x64; rv:53.0) Gecko/20100101 Firefox/53.0',
  'accept' => 'text/html,application/xhtml+xml,application/xml;q=0.9,*/*;q=0.8',
  'accept-language' => 'zh-CN,zh;q=0.8,en-US;q=0.5,en;q=0.3',
  'accept-encoding' => 'gzip, deflate',
  'referer' => 'http://fuck.io/jksm.php/product/contentlist.html',
  'cookie' => 'thinkphp_show_page_trace=0|0; Hm_lvt_28f7e93958b102a6167e99f680ee8715=1491549275,1491634031,1491786224,1491811619; pgv_pvi=5469266944; PHPSESSID=9bomb7pe1iosa86db7rhlihh93',
  'connection' => 'keep-alive',
  'upgrade-insecure-requests' => '1',
)
[ info ] [ PARAM ] array (
  'type' => '1',
)
[ info ] [ RUN ] app\admin\controller\Product->contentAdd[ C:\xampp\htdocs\Website-thinkphp5\application\admin\controller\Product.php ]
[ info ] [ VIEW ] C:\xampp\htdocs\Website-thinkphp5\public/../application/admin\view\product\contentadd.html [ array (
) ]
[ info ] [ LOG ] INIT File
---------------------------------------------------------------
[ 2017-05-20T17:10:02+08:00 ] 127.0.0.1 127.0.0.1 GET /jksm.php/product/contentAdd?type=1
[ info ] fuck.io/jksm.php/product/contentAdd?type=1 [运行时间：0.026769s][吞吐率：37.36req/s] [内存消耗：1,452.88kb] [文件加载：38]
[ info ] [ LANG ] C:\xampp\htdocs\Website-thinkphp5\thinkphp\lang\zh-cn.php
[ info ] [ ROUTE ] array (
  'type' => 'module',
  'module' => 
  array (
    0 => 'admin',
    1 => 'product',
    2 => 'contentAdd',
  ),
)
[ info ] [ HEADER ] array (
  'host' => 'fuck.io',
  'user-agent' => 'Mozilla/5.0 (Windows NT 10.0; Win64; x64; rv:53.0) Gecko/20100101 Firefox/53.0',
  'accept' => 'text/html,application/xhtml+xml,application/xml;q=0.9,*/*;q=0.8',
  'accept-language' => 'zh-CN,zh;q=0.8,en-US;q=0.5,en;q=0.3',
  'accept-encoding' => 'gzip, deflate',
  'cookie' => 'thinkphp_show_page_trace=0|0; Hm_lvt_28f7e93958b102a6167e99f680ee8715=1491549275,1491634031,1491786224,1491811619; pgv_pvi=5469266944; PHPSESSID=9bomb7pe1iosa86db7rhlihh93',
  'connection' => 'keep-alive',
  'upgrade-insecure-requests' => '1',
)
[ info ] [ PARAM ] array (
  'type' => '1',
)
[ info ] [ RUN ] app\admin\controller\Product->contentAdd[ C:\xampp\htdocs\Website-thinkphp5\application\admin\controller\Product.php ]
[ info ] [ VIEW ] C:\xampp\htdocs\Website-thinkphp5\public/../application/admin\view\product\contentadd.html [ array (
) ]
[ info ] [ LOG ] INIT File
---------------------------------------------------------------
[ 2017-05-20T17:10:03+08:00 ] 127.0.0.1 127.0.0.1 GET /jksm.php/product/favicon.ico
[ info ] fuck.io/jksm.php/product/favicon.ico [运行时间：0.025570s][吞吐率：39.11req/s] [内存消耗：1,485.75kb] [文件加载：40]
[ info ] [ LANG ] C:\xampp\htdocs\Website-thinkphp5\thinkphp\lang\zh-cn.php
[ info ] [ ROUTE ] array (
  'type' => 'module',
  'module' => 
  array (
    0 => 'admin',
    1 => 'product',
    2 => 'favicon.ico',
  ),
)
[ info ] [ HEADER ] array (
  'host' => 'fuck.io',
  'user-agent' => 'Mozilla/5.0 (Windows NT 10.0; Win64; x64; rv:53.0) Gecko/20100101 Firefox/53.0',
  'accept' => 'text/html,application/xhtml+xml,application/xml;q=0.9,*/*;q=0.8',
  'accept-language' => 'zh-CN,zh;q=0.8,en-US;q=0.5,en;q=0.3',
  'accept-encoding' => 'gzip, deflate',
  'cookie' => 'thinkphp_show_page_trace=0|0; Hm_lvt_28f7e93958b102a6167e99f680ee8715=1491549275,1491634031,1491786224,1491811619; pgv_pvi=5469266944; PHPSESSID=9bomb7pe1iosa86db7rhlihh93',
  'connection' => 'keep-alive',
)
[ info ] [ PARAM ] array (
)
[ info ] [ LOG ] INIT File
---------------------------------------------------------------
[ 2017-05-20T17:10:43+08:00 ] 127.0.0.1 127.0.0.1 GET /jksm.php/product/cate.html
[ info ] fuck.io/jksm.php/product/cate.html [运行时间：0.061684s][吞吐率：16.21req/s] [内存消耗：2,635.16kb] [文件加载：49]
[ info ] [ LANG ] C:\xampp\htdocs\Website-thinkphp5\thinkphp\lang\zh-cn.php
[ info ] [ ROUTE ] array (
  'type' => 'module',
  'module' => 
  array (
    0 => 'admin',
    1 => 'product',
    2 => 'cate',
  ),
)
[ info ] [ HEADER ] array (
  'host' => 'fuck.io',
  'user-agent' => 'Mozilla/5.0 (Windows NT 10.0; Win64; x64; rv:53.0) Gecko/20100101 Firefox/53.0',
  'accept' => 'text/html,application/xhtml+xml,application/xml;q=0.9,*/*;q=0.8',
  'accept-language' => 'zh-CN,zh;q=0.8,en-US;q=0.5,en;q=0.3',
  'accept-encoding' => 'gzip, deflate',
  'referer' => 'http://fuck.io/jksm.php/index/index.html',
  'cookie' => 'thinkphp_show_page_trace=0|0; Hm_lvt_28f7e93958b102a6167e99f680ee8715=1491549275,1491634031,1491786224,1491811619; pgv_pvi=5469266944; PHPSESSID=9bomb7pe1iosa86db7rhlihh93',
  'connection' => 'keep-alive',
  'upgrade-insecure-requests' => '1',
)
[ info ] [ PARAM ] array (
)
[ info ] [ RUN ] app\admin\controller\Product->cate[ C:\xampp\htdocs\Website-thinkphp5\application\admin\controller\Product.php ]
[ info ] [ DB ] INIT mysql
[ info ] [ DB ] INIT mysql
[ info ] [ VIEW ] C:\xampp\htdocs\Website-thinkphp5\public/../application/admin\view\product\cate.html [ array (
) ]
[ info ] [ LOG ] INIT File
[ sql ] [ DB ] CONNECT:[ UseTime:0.011593s ] mysql:dbname=bbx;host=127.0.0.1;charset=utf8
[ sql ] [ SQL ] SHOW COLUMNS FROM `cate` [ RunTime:0.006964s ]
[ sql ] [ SQL ] SELECT * FROM `cate` WHERE  `cate_type` = '1' [ RunTime:0.000479s ]
---------------------------------------------------------------
[ 2017-05-20T17:10:43+08:00 ] 127.0.0.1 127.0.0.1 GET /jksm.php/product/cate
[ info ] fuck.io/jksm.php/product/cate [运行时间：0.045056s][吞吐率：22.19req/s] [内存消耗：2,495.88kb] [文件加载：47]
[ info ] [ LANG ] C:\xampp\htdocs\Website-thinkphp5\thinkphp\lang\zh-cn.php
[ info ] [ ROUTE ] array (
  'type' => 'module',
  'module' => 
  array (
    0 => 'admin',
    1 => 'product',
    2 => 'cate',
  ),
)
[ info ] [ HEADER ] array (
  'host' => 'fuck.io',
  'user-agent' => 'Mozilla/5.0 (Windows NT 10.0; Win64; x64; rv:53.0) Gecko/20100101 Firefox/53.0',
  'accept' => 'application/json, text/javascript, */*; q=0.01',
  'accept-language' => 'zh-CN,zh;q=0.8,en-US;q=0.5,en;q=0.3',
  'accept-encoding' => 'gzip, deflate',
  'referer' => 'http://fuck.io/jksm.php/product/cate.html',
  'x-requested-with' => 'XMLHttpRequest',
  'cookie' => 'thinkphp_show_page_trace=0|0; Hm_lvt_28f7e93958b102a6167e99f680ee8715=1491549275,1491634031,1491786224,1491811619; pgv_pvi=5469266944; PHPSESSID=9bomb7pe1iosa86db7rhlihh93',
  'connection' => 'keep-alive',
)
[ info ] [ PARAM ] array (
)
[ info ] [ RUN ] app\admin\controller\Product->cate[ C:\xampp\htdocs\Website-thinkphp5\application\admin\controller\Product.php ]
[ info ] [ DB ] INIT mysql
[ info ] [ DB ] INIT mysql
[ info ] [ LOG ] INIT File
[ sql ] [ DB ] CONNECT:[ UseTime:0.000780s ] mysql:dbname=bbx;host=127.0.0.1;charset=utf8
[ sql ] [ SQL ] SHOW COLUMNS FROM `cate` [ RunTime:0.008513s ]
[ sql ] [ SQL ] SELECT * FROM `cate` WHERE  `cate_type` = '1' [ RunTime:0.000493s ]
---------------------------------------------------------------
[ 2017-05-20T17:10:44+08:00 ] 127.0.0.1 127.0.0.1 GET /jksm.php/product/contentlist.html
[ info ] fuck.io/jksm.php/product/contentlist.html [运行时间：0.023758s][吞吐率：42.09req/s] [内存消耗：1,452.79kb] [文件加载：38]
[ info ] [ LANG ] C:\xampp\htdocs\Website-thinkphp5\thinkphp\lang\zh-cn.php
[ info ] [ ROUTE ] array (
  'type' => 'module',
  'module' => 
  array (
    0 => 'admin',
    1 => 'product',
    2 => 'contentlist',
  ),
)
[ info ] [ HEADER ] array (
  'host' => 'fuck.io',
  'user-agent' => 'Mozilla/5.0 (Windows NT 10.0; Win64; x64; rv:53.0) Gecko/20100101 Firefox/53.0',
  'accept' => 'text/html,application/xhtml+xml,application/xml;q=0.9,*/*;q=0.8',
  'accept-language' => 'zh-CN,zh;q=0.8,en-US;q=0.5,en;q=0.3',
  'accept-encoding' => 'gzip, deflate',
  'referer' => 'http://fuck.io/jksm.php/index/index.html',
  'cookie' => 'thinkphp_show_page_trace=0|0; Hm_lvt_28f7e93958b102a6167e99f680ee8715=1491549275,1491634031,1491786224,1491811619; pgv_pvi=5469266944; PHPSESSID=9bomb7pe1iosa86db7rhlihh93',
  'connection' => 'keep-alive',
  'upgrade-insecure-requests' => '1',
)
[ info ] [ PARAM ] array (
)
[ info ] [ RUN ] app\admin\controller\Product->contentlist[ C:\xampp\htdocs\Website-thinkphp5\application\admin\controller\Product.php ]
[ info ] [ VIEW ] C:\xampp\htdocs\Website-thinkphp5\public/../application/admin\view\product\contentlist.html [ array (
) ]
[ info ] [ LOG ] INIT File
---------------------------------------------------------------
[ 2017-05-20T17:10:44+08:00 ] 127.0.0.1 127.0.0.1 GET /jksm.php/product/content?pageNumber=1&pageSize=10&searchText=
[ info ] fuck.io/jksm.php/product/content?pageNumber=1&pageSize=10&searchText= [运行时间：0.028589s][吞吐率：34.98req/s] [内存消耗：1,487.27kb] [文件加载：40]
[ info ] [ LANG ] C:\xampp\htdocs\Website-thinkphp5\thinkphp\lang\zh-cn.php
[ info ] [ ROUTE ] array (
  'type' => 'module',
  'module' => 
  array (
    0 => 'admin',
    1 => 'product',
    2 => 'content',
  ),
)
[ info ] [ HEADER ] array (
  'host' => 'fuck.io',
  'user-agent' => 'Mozilla/5.0 (Windows NT 10.0; Win64; x64; rv:53.0) Gecko/20100101 Firefox/53.0',
  'accept' => 'application/json, text/javascript, */*; q=0.01',
  'accept-language' => 'zh-CN,zh;q=0.8,en-US;q=0.5,en;q=0.3',
  'accept-encoding' => 'gzip, deflate',
  'referer' => 'http://fuck.io/jksm.php/product/contentlist.html',
  'content-type' => 'application/json',
  'x-requested-with' => 'XMLHttpRequest',
  'cookie' => 'thinkphp_show_page_trace=0|0; Hm_lvt_28f7e93958b102a6167e99f680ee8715=1491549275,1491634031,1491786224,1491811619; pgv_pvi=5469266944; PHPSESSID=9bomb7pe1iosa86db7rhlihh93',
  'connection' => 'keep-alive',
)
[ info ] [ PARAM ] array (
  'pageNumber' => '1',
  'pageSize' => '10',
  'searchText' => '',
)
[ info ] [ LOG ] INIT File
---------------------------------------------------------------
[ 2017-05-20T17:10:46+08:00 ] 127.0.0.1 127.0.0.1 GET /jksm.php/product/contentAdd?type=1
[ info ] fuck.io/jksm.php/product/contentAdd?type=1 [运行时间：0.022922s][吞吐率：43.63req/s] [内存消耗：1,453.24kb] [文件加载：38]
[ info ] [ LANG ] C:\xampp\htdocs\Website-thinkphp5\thinkphp\lang\zh-cn.php
[ info ] [ ROUTE ] array (
  'type' => 'module',
  'module' => 
  array (
    0 => 'admin',
    1 => 'product',
    2 => 'contentAdd',
  ),
)
[ info ] [ HEADER ] array (
  'host' => 'fuck.io',
  'user-agent' => 'Mozilla/5.0 (Windows NT 10.0; Win64; x64; rv:53.0) Gecko/20100101 Firefox/53.0',
  'accept' => 'text/html,application/xhtml+xml,application/xml;q=0.9,*/*;q=0.8',
  'accept-language' => 'zh-CN,zh;q=0.8,en-US;q=0.5,en;q=0.3',
  'accept-encoding' => 'gzip, deflate',
  'referer' => 'http://fuck.io/jksm.php/product/contentlist.html',
  'cookie' => 'thinkphp_show_page_trace=0|0; Hm_lvt_28f7e93958b102a6167e99f680ee8715=1491549275,1491634031,1491786224,1491811619; pgv_pvi=5469266944; PHPSESSID=9bomb7pe1iosa86db7rhlihh93',
  'connection' => 'keep-alive',
  'upgrade-insecure-requests' => '1',
)
[ info ] [ PARAM ] array (
  'type' => '1',
)
[ info ] [ RUN ] app\admin\controller\Product->contentAdd[ C:\xampp\htdocs\Website-thinkphp5\application\admin\controller\Product.php ]
[ info ] [ VIEW ] C:\xampp\htdocs\Website-thinkphp5\public/../application/admin\view\product\contentadd.html [ array (
) ]
[ info ] [ LOG ] INIT File
